<?xml version="1.0" encoding="UTF-8"?>
<!-- Generated by org.testng.reporters.JUnitReportReporter -->
<testsuite skipped="0" hostname="DESKTOP-QV0IQQL" name="com.qa.hubspot.tests.HomePageTest" tests="2" failures="0" timestamp="2020-05-27T22:30:29 PDT" time="2.776" errors="0">
  <testcase name="verifyhomeHeaderTextTest" time="2.768" classname="com.qa.hubspot.tests.HomePageTest"/>
  <system-out/>
  <testcase name="verifyHomePAgeTitle" time="0.008" classname="com.qa.hubspot.tests.HomePageTest"/>
  <system-out/>
</testsuite> <!-- com.qa.hubspot.tests.HomePageTest -->
