<?xml version="1.0" encoding="UTF-8"?>
<!-- Generated by org.testng.reporters.JUnitReportReporter -->
<testsuite skipped="0" hostname="DESKTOP-QV0IQQL" name="com.qa.hubspot.tests.LoginPageTests" tests="3" failures="0" timestamp="2020-05-27T14:02:41 PDT" time="9.052" errors="0">
  <testcase name="verifySignUPLinkTest" time="7.499" classname="com.qa.hubspot.tests.LoginPageTests"/>
  <system-out/>
  <testcase name="verifyTitleTest" time="0.034" classname="com.qa.hubspot.tests.LoginPageTests"/>
  <system-out/>
  <testcase name="verifyLoginTest" time="1.519" classname="com.qa.hubspot.tests.LoginPageTests"/>
  <system-out/>
</testsuite> <!-- com.qa.hubspot.tests.LoginPageTests -->
